<?xml version="1.0" encoding="UTF-8"?>
<!-- Generated by org.testng.reporters.JUnitReportReporter -->
<testsuite hostname="INLEN8520087560" failures="0" tests="1" name="Scenario2.TestCase" time="45.913" errors="0" timestamp="2023-01-09T17:54:17 IST" skipped="0">
  <testcase classname="Scenario2.TestCase" name="checkBag" time="45.913"/>
  <system-out/>
</testsuite> <!-- Scenario2.TestCase -->
