<?xml version="1.0" encoding="UTF-8"?>
<!-- Generated by org.testng.reporters.JUnitReportReporter -->
<testsuite hostname="INLEN8520087560" failures="0" tests="1" name="Scenario1.TestCase" time="5.064" errors="0" timestamp="2023-01-09T17:53:07 IST" skipped="0">
  <testcase classname="Scenario1.TestCase" name="search" time="5.064"/>
  <system-out/>
</testsuite> <!-- Scenario1.TestCase -->
